<?xml version="1.0" encoding="UTF-8"?>
<!-- Generated by org.testng.reporters.JUnitXMLReporter -->
<testsuite ignored="0" hostname="LAPTOP-LPT61RQN" failures="0" tests="2" name="Package with subpackages" time="3.261" errors="0" timestamp="2021-06-08T01:39:21 IST">
  <testcase classname="io.cucumber.testng.AbstractTestNGCucumberTests" name="runScenario" time="2.65"/>
  <testcase classname="io.cucumber.testng.AbstractTestNGCucumberTests" name="runScenario" time="2.66"/>
</testsuite> <!-- Package with subpackages -->
